<?xml version="1.0" encoding="UTF-8"?>
<Site BuildName="(empty)"
	BuildStamp="20240128-0953-Experimental"
	Name="(empty)"
	Generator="ctest-3.28.1"
	CompilerName=""
	CompilerVersion=""
	OSName="Linux"
	Hostname="einstein"
	OSRelease="6.5.0-15-generic"
	OSVersion="#15~22.04.1-Ubuntu SMP PREEMPT_DYNAMIC Fri Jan 12 18:54:30 UTC 2"
	OSPlatform="x86_64"
	Is64Bits="1"
	VendorString="GenuineIntel"
	VendorID="Intel Corporation"
	FamilyID="6"
	ModelID="158"
	ProcessorCacheSize="12288"
	NumberOfLogicalCPU="8"
	NumberOfPhysicalCPU="8"
	TotalVirtualMemory="2047"
	TotalPhysicalMemory="15876"
	LogicalProcessorsPerPhysical="1"
	ProcessorClockFrequency="800.062"
	>
	<Testing>
		<StartDateTime>Jan 28 10:53 CET</StartDateTime>
		<StartTestTime>1706435600</StartTestTime>
		<TestList/>
		<EndDateTime>Jan 28 10:53 CET</EndDateTime>
		<EndTestTime>1706435600</EndTestTime>
		<ElapsedMinutes>0</ElapsedMinutes>
	</Testing>
</Site>
